<?xml version="1.0" encoding="UTF-8"?>
<!-- Generated by org.testng.reporters.JUnitReportReporter -->
<testsuite hostname="admin-PC" failures="0" tests="1" name="com.pagetesting.OpenPage" time="8.310" errors="0" timestamp="3 Jan 2021 23:52:38 GMT">
  <testcase classname="com.pagetesting.OpenPage" name="login" time="8.310"/>
</testsuite> <!-- com.pagetesting.OpenPage -->
