<?xml version="1.0" encoding="UTF-8"?>
<!-- Generated by org.testng.reporters.JUnitReportReporter -->
<testsuite hostname="Mangai-PC" name="com.qa.demologintest.DemoLoginTestClass" tests="1" failures="0" timestamp="8 Dec 2020 06:27:04 GMT" time="90.184" errors="0">
  <testcase name="login" time="90.184" classname="com.qa.demologintest.DemoLoginTestClass"/>
</testsuite> <!-- com.qa.demologintest.DemoLoginTestClass -->
