<?xml version="1.0" encoding="UTF-8"?>
<!-- Generated by org.testng.reporters.JUnitReportReporter -->
<testsuite hostname="admin-PC" failures="0" tests="2" name="com.qa.datadrivenframeworkutil.ExcelDataProvider" time="23.875" errors="0" timestamp="2020-12-20T22:06:44 IST" skipped="0">
  <testcase classname="com.qa.datadrivenframeworkutil.ExcelDataProvider" name="test1" time="12.368"/>
  <system-out/>
  <testcase classname="com.qa.datadrivenframeworkutil.ExcelDataProvider" name="test1" time="11.507"/>
  <system-out/>
</testsuite> <!-- com.qa.datadrivenframeworkutil.ExcelDataProvider -->
