<?xml version="1.0" encoding="UTF-8"?>
<!-- Generated by org.testng.reporters.JUnitReportReporter -->
<testsuite hostname="Mangai-PC" name="module.NewTest" tests="1" failures="0" timestamp="28 Oct 2020 04:02:08 GMT" time="41.127" errors="0">
  <testcase name="testEasy" time="41.127" classname="module.NewTest"/>
</testsuite> <!-- module.NewTest -->
