<?xml version="1.0" encoding="UTF-8"?>
<!-- Generated by org.testng.reporters.JUnitReportReporter -->
<testsuite hostname="Mangai-PC" name="module.NewTest" tests="1" failures="0" timestamp="27 Oct 2020 16:39:15 GMT" time="11.836" errors="0">
  <testcase name="testEasy" time="11.836" classname="module.NewTest"/>
</testsuite> <!-- module.NewTest -->
